<?xml version="1.0" encoding="UTF-8"?>
<testsuite xmlns:xsi="http://www.w3.org/2001/XMLSchema-instance" xsi:noNamespaceSchemaLocation="https://maven.apache.org/surefire/maven-surefire-plugin/xsd/surefire-test-report-3.0.xsd" version="3.0" name="com.ligong.reportingcenter.TicketServiceTests" time="3.285" tests="12" errors="0" skipped="0" failures="0">
  <properties>
[...]
</properties>
  <testcase name="testCreateTicket" classname="com.ligong.reportingcenter.TicketServiceTests" time="0.293">
    <system-out><![CDATA[2025-12-19T13:49:11.181+08:00  INFO 42548 --- [           main] t.c.s.AnnotationConfigContextLoaderUtils : Could not detect default configuration classes for test class [com.ligong.reportingcenter.TicketServiceTests]: TicketServiceTests does not declare any static, non-private, non-final, nested classes annotated with @Configuration.
2025-12-19T13:49:11.183+08:00  INFO 42548 --- [           main] .b.t.c.SpringBootTestContextBootstrapper : Found @SpringBootConfiguration com.ligong.reportingcenter.RepairingCenterApplication for test class com.ligong.reportingcenter.TicketServiceTests
Hibernate: select u1_0.user_number from sys_user u1_0 where u1_0.user_number=? limit ?
Hibernate: select u1_0.user_number,u1_0.avatar_url,u1_0.phone,u1_0.created_at,u1_0.enabled,u1_0.name,u1_0.password,u1_0.role from sys_user u1_0 where u1_0.user_number=?
Hibernate: insert into sys_user (avatar_url,phone,created_at,enabled,name,password,role,user_number) values (?,?,?,?,?,?,?,?)
Hibernate: select u1_0.user_number from sys_user u1_0 where u1_0.user_number=? limit ?
Hibernate: select u1_0.user_number,u1_0.avatar_url,u1_0.phone,u1_0.created_at,u1_0.enabled,u1_0.name,u1_0.password,u1_0.role from sys_user u1_0 where u1_0.user_number=?
Hibernate: insert into sys_user (avatar_url,phone,created_at,enabled,name,password,role,user_number) values (?,?,?,?,?,?,?,?)
Hibernate: select u1_0.user_number from sys_user u1_0 where u1_0.user_number=? limit ?
Hibernate: select u1_0.user_number,u1_0.avatar_url,u1_0.phone,u1_0.created_at,u1_0.enabled,u1_0.name,u1_0.password,u1_0.role from sys_user u1_0 where u1_0.user_number=?
Hibernate: select c1_0.id,c1_0.category_key from repair_category c1_0
Hibernate: insert into sys_user (avatar_url,phone,created_at,enabled,name,password,role,user_number) values (?,?,?,?,?,?,?,?)
Hibernate: select u1_0.user_number,u1_0.avatar_url,u1_0.phone,u1_0.created_at,u1_0.enabled,u1_0.name,u1_0.password,u1_0.role from sys_user u1_0 where u1_0.user_number=?
Hibernate: select c1_0.id,c1_0.category_key from repair_category c1_0 where c1_0.category_key=?
Hibernate: insert into repair_order (assigned_at,category_key,closed_at,completed_at,created_at,is_deleted,deleted_at,description,estimated_completion_time,location,priority,process_notes,rejection_reason,repair_notes,repairman_id,status,student_number,version) values (?,?,?,?,?,?,?,?,?,?,?,?,?,?,?,?,?,?)
Hibernate: insert into repair_order_status_log (operate_user_id,operate_time,after_status,before_status,repair_order_id) values (?,?,?,?,?)
Hibernate: insert into repair_order_image (image_url,repair_order_id,created_at) values (?,?,?)
Hibernate: insert into repair_order_image (image_url,repair_order_id,created_at) values (?,?,?)
Hibernate: select ti1_0.id,ti1_0.image_url,ti1_0.repair_order_id,ti1_0.created_at from repair_order_image ti1_0 where ti1_0.repair_order_id=?
Hibernate: select tsl1_0.id,tsl1_0.operate_user_id,tsl1_0.operate_time,tsl1_0.after_status,tsl1_0.before_status,tsl1_0.repair_order_id from repair_order_status_log tsl1_0 where tsl1_0.repair_order_id=? order by tsl1_0.operate_time
Hibernate: select r1_0.id,r1_0.comment,r1_0.created_at,r1_0.rating,r1_0.repairman_id,r1_0.student_number,r1_0.repair_order_id from repair_feedback r1_0 where r1_0.repair_order_id=?
]]></system-out>
  </testcase>
  <testcase name="testListTickets" classname="com.ligong.reportingcenter.TicketServiceTests" time="0.291">
    <system-out><![CDATA[Hibernate: select u1_0.user_number from sys_user u1_0 where u1_0.user_number=? limit ?
Hibernate: select u1_0.user_number,u1_0.avatar_url,u1_0.phone,u1_0.created_at,u1_0.enabled,u1_0.name,u1_0.password,u1_0.role from sys_user u1_0 where u1_0.user_number=?
Hibernate: insert into sys_user (avatar_url,phone,created_at,enabled,name,password,role,user_number) values (?,?,?,?,?,?,?,?)
Hibernate: select u1_0.user_number from sys_user u1_0 where u1_0.user_number=? limit ?
Hibernate: select u1_0.user_number,u1_0.avatar_url,u1_0.phone,u1_0.created_at,u1_0.enabled,u1_0.name,u1_0.password,u1_0.role from sys_user u1_0 where u1_0.user_number=?
Hibernate: insert into sys_user (avatar_url,phone,created_at,enabled,name,password,role,user_number) values (?,?,?,?,?,?,?,?)
Hibernate: select u1_0.user_number from sys_user u1_0 where u1_0.user_number=? limit ?
Hibernate: select u1_0.user_number,u1_0.avatar_url,u1_0.phone,u1_0.created_at,u1_0.enabled,u1_0.name,u1_0.password,u1_0.role from sys_user u1_0 where u1_0.user_number=?
Hibernate: select c1_0.id,c1_0.category_key from repair_category c1_0
Hibernate: insert into sys_user (avatar_url,phone,created_at,enabled,name,password,role,user_number) values (?,?,?,?,?,?,?,?)
Hibernate: select u1_0.user_number,u1_0.avatar_url,u1_0.phone,u1_0.created_at,u1_0.enabled,u1_0.name,u1_0.password,u1_0.role from sys_user u1_0 where u1_0.user_number=?
Hibernate: select c1_0.id,c1_0.category_key from repair_category c1_0 where c1_0.category_key=?
Hibernate: insert into repair_order (assigned_at,category_key,closed_at,completed_at,created_at,is_deleted,deleted_at,description,estimated_completion_time,location,priority,process_notes,rejection_reason,repair_notes,repairman_id,status,student_number,version) values (?,?,?,?,?,?,?,?,?,?,?,?,?,?,?,?,?,?)
Hibernate: insert into repair_order_status_log (operate_user_id,operate_time,after_status,before_status,repair_order_id) values (?,?,?,?,?)
Hibernate: insert into repair_order_image (image_url,repair_order_id,created_at) values (?,?,?)
Hibernate: insert into repair_order_image (image_url,repair_order_id,created_at) values (?,?,?)
Hibernate: select ti1_0.id,ti1_0.image_url,ti1_0.repair_order_id,ti1_0.created_at from repair_order_image ti1_0 where ti1_0.repair_order_id=?
Hibernate: select tsl1_0.id,tsl1_0.operate_user_id,tsl1_0.operate_time,tsl1_0.after_status,tsl1_0.before_status,tsl1_0.repair_order_id from repair_order_status_log tsl1_0 where tsl1_0.repair_order_id=? order by tsl1_0.operate_time
Hibernate: select r1_0.id,r1_0.comment,r1_0.created_at,r1_0.rating,r1_0.repairman_id,r1_0.student_number,r1_0.repair_order_id from repair_feedback r1_0 where r1_0.repair_order_id=?
Hibernate: select u1_0.user_number,u1_0.avatar_url,u1_0.phone,u1_0.created_at,u1_0.enabled,u1_0.name,u1_0.password,u1_0.role from sys_user u1_0 where u1_0.user_number=?
Hibernate: insert into repair_order (assigned_at,category_key,closed_at,completed_at,created_at,is_deleted,deleted_at,description,estimated_completion_time,location,priority,process_notes,rejection_reason,repair_notes,repairman_id,status,student_number,version) values (?,?,?,?,?,?,?,?,?,?,?,?,?,?,?,?,?,?)
Hibernate: insert into repair_order_status_log (operate_user_id,operate_time,after_status,before_status,repair_order_id) values (?,?,?,?,?)
Hibernate: insert into repair_order_image (image_url,repair_order_id,created_at) values (?,?,?)
Hibernate: insert into repair_order_image (image_url,repair_order_id,created_at) values (?,?,?)
Hibernate: select ti1_0.id,ti1_0.image_url,ti1_0.repair_order_id,ti1_0.created_at from repair_order_image ti1_0 where ti1_0.repair_order_id=?
Hibernate: select tsl1_0.id,tsl1_0.operate_user_id,tsl1_0.operate_time,tsl1_0.after_status,tsl1_0.before_status,tsl1_0.repair_order_id from repair_order_status_log tsl1_0 where tsl1_0.repair_order_id=? order by tsl1_0.operate_time
Hibernate: select r1_0.id,r1_0.comment,r1_0.created_at,r1_0.rating,r1_0.repairman_id,r1_0.student_number,r1_0.repair_order_id from repair_feedback r1_0 where r1_0.repair_order_id=?
Hibernate: select u1_0.user_number,u1_0.avatar_url,u1_0.phone,u1_0.created_at,u1_0.enabled,u1_0.name,u1_0.password,u1_0.role from sys_user u1_0 where u1_0.user_number=?
Hibernate: select rt1_0.id,rt1_0.assigned_at,rt1_0.category_key,rt1_0.closed_at,rt1_0.completed_at,rt1_0.created_at,rt1_0.is_deleted,rt1_0.deleted_at,rt1_0.description,rt1_0.estimated_completion_time,rt1_0.location,rt1_0.priority,rt1_0.process_notes,rt1_0.rejection_reason,rt1_0.repair_notes,rt1_0.repairman_id,rt1_0.status,rt1_0.student_number,rt1_0.version from repair_order rt1_0 where rt1_0.student_number=? and (rt1_0.is_deleted is null or rt1_0.is_deleted=0)
Hibernate: select r1_0.id,r1_0.comment,r1_0.created_at,r1_0.rating,r1_0.repairman_id,r1_0.student_number,r1_0.repair_order_id from repair_feedback r1_0 where r1_0.repair_order_id=?
Hibernate: select r1_0.id,r1_0.comment,r1_0.created_at,r1_0.rating,r1_0.repairman_id,r1_0.student_number,r1_0.repair_order_id from repair_feedback r1_0 where r1_0.repair_order_id=?
Hibernate: select rt1_0.id,rt1_0.assigned_at,rt1_0.category_key,rt1_0.closed_at,rt1_0.completed_at,rt1_0.created_at,rt1_0.is_deleted,rt1_0.deleted_at,rt1_0.description,rt1_0.estimated_completion_time,rt1_0.location,rt1_0.priority,rt1_0.process_notes,rt1_0.rejection_reason,rt1_0.repair_notes,rt1_0.repairman_id,rt1_0.status,rt1_0.student_number,rt1_0.version from repair_order rt1_0 where rt1_0.status=? and (rt1_0.is_deleted is null or rt1_0.is_deleted=0)
Hibernate: select r1_0.id,r1_0.comment,r1_0.created_at,r1_0.rating,r1_0.repairman_id,r1_0.student_number,r1_0.repair_order_id from repair_feedback r1_0 where r1_0.repair_order_id=?
Hibernate: select r1_0.id,r1_0.comment,r1_0.created_at,r1_0.rating,r1_0.repairman_id,r1_0.student_number,r1_0.repair_order_id from repair_feedback r1_0 where r1_0.repair_order_id=?
]]></system-out>
  </testcase>
  <testcase name="testAssignTicket" classname="com.ligong.reportingcenter.TicketServiceTests" time="0.267">
    <system-out><![CDATA[Hibernate: select u1_0.user_number from sys_user u1_0 where u1_0.user_number=? limit ?
Hibernate: select u1_0.user_number,u1_0.avatar_url,u1_0.phone,u1_0.created_at,u1_0.enabled,u1_0.name,u1_0.password,u1_0.role from sys_user u1_0 where u1_0.user_number=?
Hibernate: insert into sys_user (avatar_url,phone,created_at,enabled,name,password,role,user_number) values (?,?,?,?,?,?,?,?)
Hibernate: select u1_0.user_number from sys_user u1_0 where u1_0.user_number=? limit ?
Hibernate: select u1_0.user_number,u1_0.avatar_url,u1_0.phone,u1_0.created_at,u1_0.enabled,u1_0.name,u1_0.password,u1_0.role from sys_user u1_0 where u1_0.user_number=?
Hibernate: insert into sys_user (avatar_url,phone,created_at,enabled,name,password,role,user_number) values (?,?,?,?,?,?,?,?)
Hibernate: select u1_0.user_number from sys_user u1_0 where u1_0.user_number=? limit ?
Hibernate: select u1_0.user_number,u1_0.avatar_url,u1_0.phone,u1_0.created_at,u1_0.enabled,u1_0.name,u1_0.password,u1_0.role from sys_user u1_0 where u1_0.user_number=?
Hibernate: select c1_0.id,c1_0.category_key from repair_category c1_0
Hibernate: insert into sys_user (avatar_url,phone,created_at,enabled,name,password,role,user_number) values (?,?,?,?,?,?,?,?)
Hibernate: select u1_0.user_number,u1_0.avatar_url,u1_0.phone,u1_0.created_at,u1_0.enabled,u1_0.name,u1_0.password,u1_0.role from sys_user u1_0 where u1_0.user_number=?
Hibernate: select c1_0.id,c1_0.category_key from repair_category c1_0 where c1_0.category_key=?
Hibernate: insert into repair_order (assigned_at,category_key,closed_at,completed_at,created_at,is_deleted,deleted_at,description,estimated_completion_time,location,priority,process_notes,rejection_reason,repair_notes,repairman_id,status,student_number,version) values (?,?,?,?,?,?,?,?,?,?,?,?,?,?,?,?,?,?)
Hibernate: insert into repair_order_status_log (operate_user_id,operate_time,after_status,before_status,repair_order_id) values (?,?,?,?,?)
Hibernate: insert into repair_order_image (image_url,repair_order_id,created_at) values (?,?,?)
Hibernate: insert into repair_order_image (image_url,repair_order_id,created_at) values (?,?,?)
Hibernate: select ti1_0.id,ti1_0.image_url,ti1_0.repair_order_id,ti1_0.created_at from repair_order_image ti1_0 where ti1_0.repair_order_id=?
Hibernate: select tsl1_0.id,tsl1_0.operate_user_id,tsl1_0.operate_time,tsl1_0.after_status,tsl1_0.before_status,tsl1_0.repair_order_id from repair_order_status_log tsl1_0 where tsl1_0.repair_order_id=? order by tsl1_0.operate_time
Hibernate: select r1_0.id,r1_0.comment,r1_0.created_at,r1_0.rating,r1_0.repairman_id,r1_0.student_number,r1_0.repair_order_id from repair_feedback r1_0 where r1_0.repair_order_id=?
Hibernate: select rt1_0.id,rt1_0.assigned_at,rt1_0.category_key,rt1_0.closed_at,rt1_0.completed_at,rt1_0.created_at,rt1_0.is_deleted,rt1_0.deleted_at,rt1_0.description,rt1_0.estimated_completion_time,rt1_0.location,rt1_0.priority,rt1_0.process_notes,rt1_0.rejection_reason,rt1_0.repair_notes,rt1_0.repairman_id,rt1_0.status,rt1_0.student_number,rt1_0.version from repair_order rt1_0 where rt1_0.id=? for update
Hibernate: select u1_0.user_number,u1_0.avatar_url,u1_0.phone,u1_0.created_at,u1_0.enabled,u1_0.name,u1_0.password,u1_0.role from sys_user u1_0 where u1_0.user_number=?
Hibernate: select u1_0.user_number,u1_0.avatar_url,u1_0.phone,u1_0.created_at,u1_0.enabled,u1_0.name,u1_0.password,u1_0.role from sys_user u1_0 where u1_0.user_number=?
Hibernate: insert into repair_order_status_log (operate_user_id,operate_time,after_status,before_status,repair_order_id) values (?,?,?,?,?)
Hibernate: select ti1_0.id,ti1_0.image_url,ti1_0.repair_order_id,ti1_0.created_at from repair_order_image ti1_0 where ti1_0.repair_order_id=?
Hibernate: select tsl1_0.id,tsl1_0.operate_user_id,tsl1_0.operate_time,tsl1_0.after_status,tsl1_0.before_status,tsl1_0.repair_order_id from repair_order_status_log tsl1_0 where tsl1_0.repair_order_id=? order by tsl1_0.operate_time
Hibernate: select r1_0.id,r1_0.comment,r1_0.created_at,r1_0.rating,r1_0.repairman_id,r1_0.student_number,r1_0.repair_order_id from repair_feedback r1_0 where r1_0.repair_order_id=?
]]></system-out>
  </testcase>
  <testcase name="testGetTicketDetail" classname="com.ligong.reportingcenter.TicketServiceTests" time="0.241">
    <system-out><![CDATA[Hibernate: select u1_0.user_number from sys_user u1_0 where u1_0.user_number=? limit ?
Hibernate: select u1_0.user_number,u1_0.avatar_url,u1_0.phone,u1_0.created_at,u1_0.enabled,u1_0.name,u1_0.password,u1_0.role from sys_user u1_0 where u1_0.user_number=?
Hibernate: insert into sys_user (avatar_url,phone,created_at,enabled,name,password,role,user_number) values (?,?,?,?,?,?,?,?)
Hibernate: select u1_0.user_number from sys_user u1_0 where u1_0.user_number=? limit ?
Hibernate: select u1_0.user_number,u1_0.avatar_url,u1_0.phone,u1_0.created_at,u1_0.enabled,u1_0.name,u1_0.password,u1_0.role from sys_user u1_0 where u1_0.user_number=?
Hibernate: insert into sys_user (avatar_url,phone,created_at,enabled,name,password,role,user_number) values (?,?,?,?,?,?,?,?)
Hibernate: select u1_0.user_number from sys_user u1_0 where u1_0.user_number=? limit ?
Hibernate: select u1_0.user_number,u1_0.avatar_url,u1_0.phone,u1_0.created_at,u1_0.enabled,u1_0.name,u1_0.password,u1_0.role from sys_user u1_0 where u1_0.user_number=?
Hibernate: select c1_0.id,c1_0.category_key from repair_category c1_0
Hibernate: insert into sys_user (avatar_url,phone,created_at,enabled,name,password,role,user_number) values (?,?,?,?,?,?,?,?)
Hibernate: select u1_0.user_number,u1_0.avatar_url,u1_0.phone,u1_0.created_at,u1_0.enabled,u1_0.name,u1_0.password,u1_0.role from sys_user u1_0 where u1_0.user_number=?
Hibernate: select c1_0.id,c1_0.category_key from repair_category c1_0 where c1_0.category_key=?
Hibernate: insert into repair_order (assigned_at,category_key,closed_at,completed_at,created_at,is_deleted,deleted_at,description,estimated_completion_time,location,priority,process_notes,rejection_reason,repair_notes,repairman_id,status,student_number,version) values (?,?,?,?,?,?,?,?,?,?,?,?,?,?,?,?,?,?)
Hibernate: insert into repair_order_status_log (operate_user_id,operate_time,after_status,before_status,repair_order_id) values (?,?,?,?,?)
Hibernate: insert into repair_order_image (image_url,repair_order_id,created_at) values (?,?,?)
Hibernate: insert into repair_order_image (image_url,repair_order_id,created_at) values (?,?,?)
Hibernate: select ti1_0.id,ti1_0.image_url,ti1_0.repair_order_id,ti1_0.created_at from repair_order_image ti1_0 where ti1_0.repair_order_id=?
Hibernate: select tsl1_0.id,tsl1_0.operate_user_id,tsl1_0.operate_time,tsl1_0.after_status,tsl1_0.before_status,tsl1_0.repair_order_id from repair_order_status_log tsl1_0 where tsl1_0.repair_order_id=? order by tsl1_0.operate_time
Hibernate: select r1_0.id,r1_0.comment,r1_0.created_at,r1_0.rating,r1_0.repairman_id,r1_0.student_number,r1_0.repair_order_id from repair_feedback r1_0 where r1_0.repair_order_id=?
Hibernate: select ti1_0.id,ti1_0.image_url,ti1_0.repair_order_id,ti1_0.created_at from repair_order_image ti1_0 where ti1_0.repair_order_id=?
Hibernate: select tsl1_0.id,tsl1_0.operate_user_id,tsl1_0.operate_time,tsl1_0.after_status,tsl1_0.before_status,tsl1_0.repair_order_id from repair_order_status_log tsl1_0 where tsl1_0.repair_order_id=? order by tsl1_0.operate_time
Hibernate: select r1_0.id,r1_0.comment,r1_0.created_at,r1_0.rating,r1_0.repairman_id,r1_0.student_number,r1_0.repair_order_id from repair_feedback r1_0 where r1_0.repair_order_id=?
]]></system-out>
  </testcase>
  <testcase name="testRejectTicket" classname="com.ligong.reportingcenter.TicketServiceTests" time="0.244">
    <system-out><![CDATA[Hibernate: select u1_0.user_number from sys_user u1_0 where u1_0.user_number=? limit ?
Hibernate: select u1_0.user_number,u1_0.avatar_url,u1_0.phone,u1_0.created_at,u1_0.enabled,u1_0.name,u1_0.password,u1_0.role from sys_user u1_0 where u1_0.user_number=?
Hibernate: insert into sys_user (avatar_url,phone,created_at,enabled,name,password,role,user_number) values (?,?,?,?,?,?,?,?)
Hibernate: select u1_0.user_number from sys_user u1_0 where u1_0.user_number=? limit ?
Hibernate: select u1_0.user_number,u1_0.avatar_url,u1_0.phone,u1_0.created_at,u1_0.enabled,u1_0.name,u1_0.password,u1_0.role from sys_user u1_0 where u1_0.user_number=?
Hibernate: insert into sys_user (avatar_url,phone,created_at,enabled,name,password,role,user_number) values (?,?,?,?,?,?,?,?)
Hibernate: select u1_0.user_number from sys_user u1_0 where u1_0.user_number=? limit ?
Hibernate: select u1_0.user_number,u1_0.avatar_url,u1_0.phone,u1_0.created_at,u1_0.enabled,u1_0.name,u1_0.password,u1_0.role from sys_user u1_0 where u1_0.user_number=?
Hibernate: select c1_0.id,c1_0.category_key from repair_category c1_0
Hibernate: insert into sys_user (avatar_url,phone,created_at,enabled,name,password,role,user_number) values (?,?,?,?,?,?,?,?)
Hibernate: select u1_0.user_number,u1_0.avatar_url,u1_0.phone,u1_0.created_at,u1_0.enabled,u1_0.name,u1_0.password,u1_0.role from sys_user u1_0 where u1_0.user_number=?
Hibernate: select c1_0.id,c1_0.category_key from repair_category c1_0 where c1_0.category_key=?
Hibernate: insert into repair_order (assigned_at,category_key,closed_at,completed_at,created_at,is_deleted,deleted_at,description,estimated_completion_time,location,priority,process_notes,rejection_reason,repair_notes,repairman_id,status,student_number,version) values (?,?,?,?,?,?,?,?,?,?,?,?,?,?,?,?,?,?)
Hibernate: insert into repair_order_status_log (operate_user_id,operate_time,after_status,before_status,repair_order_id) values (?,?,?,?,?)
Hibernate: insert into repair_order_image (image_url,repair_order_id,created_at) values (?,?,?)
Hibernate: insert into repair_order_image (image_url,repair_order_id,created_at) values (?,?,?)
Hibernate: select ti1_0.id,ti1_0.image_url,ti1_0.repair_order_id,ti1_0.created_at from repair_order_image ti1_0 where ti1_0.repair_order_id=?
Hibernate: select tsl1_0.id,tsl1_0.operate_user_id,tsl1_0.operate_time,tsl1_0.after_status,tsl1_0.before_status,tsl1_0.repair_order_id from repair_order_status_log tsl1_0 where tsl1_0.repair_order_id=? order by tsl1_0.operate_time
Hibernate: select r1_0.id,r1_0.comment,r1_0.created_at,r1_0.rating,r1_0.repairman_id,r1_0.student_number,r1_0.repair_order_id from repair_feedback r1_0 where r1_0.repair_order_id=?
Hibernate: select rt1_0.id,rt1_0.assigned_at,rt1_0.category_key,rt1_0.closed_at,rt1_0.completed_at,rt1_0.created_at,rt1_0.is_deleted,rt1_0.deleted_at,rt1_0.description,rt1_0.estimated_completion_time,rt1_0.location,rt1_0.priority,rt1_0.process_notes,rt1_0.rejection_reason,rt1_0.repair_notes,rt1_0.repairman_id,rt1_0.status,rt1_0.student_number,rt1_0.version from repair_order rt1_0 where rt1_0.id=? for update
Hibernate: select u1_0.user_number,u1_0.avatar_url,u1_0.phone,u1_0.created_at,u1_0.enabled,u1_0.name,u1_0.password,u1_0.role from sys_user u1_0 where u1_0.user_number=?
Hibernate: insert into repair_order_status_log (operate_user_id,operate_time,after_status,before_status,repair_order_id) values (?,?,?,?,?)
Hibernate: select ti1_0.id,ti1_0.image_url,ti1_0.repair_order_id,ti1_0.created_at from repair_order_image ti1_0 where ti1_0.repair_order_id=?
Hibernate: select tsl1_0.id,tsl1_0.operate_user_id,tsl1_0.operate_time,tsl1_0.after_status,tsl1_0.before_status,tsl1_0.repair_order_id from repair_order_status_log tsl1_0 where tsl1_0.repair_order_id=? order by tsl1_0.operate_time
Hibernate: select r1_0.id,r1_0.comment,r1_0.created_at,r1_0.rating,r1_0.repairman_id,r1_0.student_number,r1_0.repair_order_id from repair_feedback r1_0 where r1_0.repair_order_id=?
]]></system-out>
  </testcase>
  <testcase name="testAddImage" classname="com.ligong.reportingcenter.TicketServiceTests" time="0.238">
    <system-out><![CDATA[Hibernate: select u1_0.user_number from sys_user u1_0 where u1_0.user_number=? limit ?
Hibernate: select u1_0.user_number,u1_0.avatar_url,u1_0.phone,u1_0.created_at,u1_0.enabled,u1_0.name,u1_0.password,u1_0.role from sys_user u1_0 where u1_0.user_number=?
Hibernate: insert into sys_user (avatar_url,phone,created_at,enabled,name,password,role,user_number) values (?,?,?,?,?,?,?,?)
Hibernate: select u1_0.user_number from sys_user u1_0 where u1_0.user_number=? limit ?
Hibernate: select u1_0.user_number,u1_0.avatar_url,u1_0.phone,u1_0.created_at,u1_0.enabled,u1_0.name,u1_0.password,u1_0.role from sys_user u1_0 where u1_0.user_number=?
Hibernate: insert into sys_user (avatar_url,phone,created_at,enabled,name,password,role,user_number) values (?,?,?,?,?,?,?,?)
Hibernate: select u1_0.user_number from sys_user u1_0 where u1_0.user_number=? limit ?
Hibernate: select u1_0.user_number,u1_0.avatar_url,u1_0.phone,u1_0.created_at,u1_0.enabled,u1_0.name,u1_0.password,u1_0.role from sys_user u1_0 where u1_0.user_number=?
Hibernate: select c1_0.id,c1_0.category_key from repair_category c1_0
Hibernate: insert into sys_user (avatar_url,phone,created_at,enabled,name,password,role,user_number) values (?,?,?,?,?,?,?,?)
Hibernate: select u1_0.user_number,u1_0.avatar_url,u1_0.phone,u1_0.created_at,u1_0.enabled,u1_0.name,u1_0.password,u1_0.role from sys_user u1_0 where u1_0.user_number=?
Hibernate: select c1_0.id,c1_0.category_key from repair_category c1_0 where c1_0.category_key=?
Hibernate: insert into repair_order (assigned_at,category_key,closed_at,completed_at,created_at,is_deleted,deleted_at,description,estimated_completion_time,location,priority,process_notes,rejection_reason,repair_notes,repairman_id,status,student_number,version) values (?,?,?,?,?,?,?,?,?,?,?,?,?,?,?,?,?,?)
Hibernate: insert into repair_order_status_log (operate_user_id,operate_time,after_status,before_status,repair_order_id) values (?,?,?,?,?)
Hibernate: insert into repair_order_image (image_url,repair_order_id,created_at) values (?,?,?)
Hibernate: insert into repair_order_image (image_url,repair_order_id,created_at) values (?,?,?)
Hibernate: select ti1_0.id,ti1_0.image_url,ti1_0.repair_order_id,ti1_0.created_at from repair_order_image ti1_0 where ti1_0.repair_order_id=?
Hibernate: select tsl1_0.id,tsl1_0.operate_user_id,tsl1_0.operate_time,tsl1_0.after_status,tsl1_0.before_status,tsl1_0.repair_order_id from repair_order_status_log tsl1_0 where tsl1_0.repair_order_id=? order by tsl1_0.operate_time
Hibernate: select r1_0.id,r1_0.comment,r1_0.created_at,r1_0.rating,r1_0.repairman_id,r1_0.student_number,r1_0.repair_order_id from repair_feedback r1_0 where r1_0.repair_order_id=?
Hibernate: insert into repair_order_image (image_url,repair_order_id,created_at) values (?,?,?)
Hibernate: select ti1_0.id,ti1_0.image_url,ti1_0.repair_order_id,ti1_0.created_at from repair_order_image ti1_0 where ti1_0.repair_order_id=?
Hibernate: select tsl1_0.id,tsl1_0.operate_user_id,tsl1_0.operate_time,tsl1_0.after_status,tsl1_0.before_status,tsl1_0.repair_order_id from repair_order_status_log tsl1_0 where tsl1_0.repair_order_id=? order by tsl1_0.operate_time
Hibernate: select r1_0.id,r1_0.comment,r1_0.created_at,r1_0.rating,r1_0.repairman_id,r1_0.student_number,r1_0.repair_order_id from repair_feedback r1_0 where r1_0.repair_order_id=?
]]></system-out>
  </testcase>
  <testcase name="testInvalidOperations" classname="com.ligong.reportingcenter.TicketServiceTests" time="0.352">
    <system-out><![CDATA[Hibernate: select u1_0.user_number from sys_user u1_0 where u1_0.user_number=? limit ?
Hibernate: select u1_0.user_number,u1_0.avatar_url,u1_0.phone,u1_0.created_at,u1_0.enabled,u1_0.name,u1_0.password,u1_0.role from sys_user u1_0 where u1_0.user_number=?
Hibernate: insert into sys_user (avatar_url,phone,created_at,enabled,name,password,role,user_number) values (?,?,?,?,?,?,?,?)
Hibernate: select u1_0.user_number from sys_user u1_0 where u1_0.user_number=? limit ?
Hibernate: select u1_0.user_number,u1_0.avatar_url,u1_0.phone,u1_0.created_at,u1_0.enabled,u1_0.name,u1_0.password,u1_0.role from sys_user u1_0 where u1_0.user_number=?
Hibernate: insert into sys_user (avatar_url,phone,created_at,enabled,name,password,role,user_number) values (?,?,?,?,?,?,?,?)
Hibernate: select u1_0.user_number from sys_user u1_0 where u1_0.user_number=? limit ?
Hibernate: select u1_0.user_number,u1_0.avatar_url,u1_0.phone,u1_0.created_at,u1_0.enabled,u1_0.name,u1_0.password,u1_0.role from sys_user u1_0 where u1_0.user_number=?
Hibernate: select c1_0.id,c1_0.category_key from repair_category c1_0
Hibernate: insert into sys_user (avatar_url,phone,created_at,enabled,name,password,role,user_number) values (?,?,?,?,?,?,?,?)
Hibernate: select u1_0.user_number,u1_0.avatar_url,u1_0.phone,u1_0.created_at,u1_0.enabled,u1_0.name,u1_0.password,u1_0.role from sys_user u1_0 where u1_0.user_number=?
Hibernate: select c1_0.id,c1_0.category_key from repair_category c1_0 where c1_0.category_key=?
Hibernate: insert into repair_order (assigned_at,category_key,closed_at,completed_at,created_at,is_deleted,deleted_at,description,estimated_completion_time,location,priority,process_notes,rejection_reason,repair_notes,repairman_id,status,student_number,version) values (?,?,?,?,?,?,?,?,?,?,?,?,?,?,?,?,?,?)
Hibernate: insert into repair_order_status_log (operate_user_id,operate_time,after_status,before_status,repair_order_id) values (?,?,?,?,?)
Hibernate: insert into repair_order_image (image_url,repair_order_id,created_at) values (?,?,?)
Hibernate: insert into repair_order_image (image_url,repair_order_id,created_at) values (?,?,?)
Hibernate: select ti1_0.id,ti1_0.image_url,ti1_0.repair_order_id,ti1_0.created_at from repair_order_image ti1_0 where ti1_0.repair_order_id=?
Hibernate: select tsl1_0.id,tsl1_0.operate_user_id,tsl1_0.operate_time,tsl1_0.after_status,tsl1_0.before_status,tsl1_0.repair_order_id from repair_order_status_log tsl1_0 where tsl1_0.repair_order_id=? order by tsl1_0.operate_time
Hibernate: select r1_0.id,r1_0.comment,r1_0.created_at,r1_0.rating,r1_0.repairman_id,r1_0.student_number,r1_0.repair_order_id from repair_feedback r1_0 where r1_0.repair_order_id=?
Hibernate: select rt1_0.id,rt1_0.assigned_at,rt1_0.category_key,rt1_0.closed_at,rt1_0.completed_at,rt1_0.created_at,rt1_0.is_deleted,rt1_0.deleted_at,rt1_0.description,rt1_0.estimated_completion_time,rt1_0.location,rt1_0.priority,rt1_0.process_notes,rt1_0.rejection_reason,rt1_0.repair_notes,rt1_0.repairman_id,rt1_0.status,rt1_0.student_number,rt1_0.version from repair_order rt1_0 where rt1_0.id=? for update
Hibernate: select u1_0.user_number,u1_0.avatar_url,u1_0.phone,u1_0.created_at,u1_0.enabled,u1_0.name,u1_0.password,u1_0.role from sys_user u1_0 where u1_0.user_number=?
Hibernate: select u1_0.user_number,u1_0.avatar_url,u1_0.phone,u1_0.created_at,u1_0.enabled,u1_0.name,u1_0.password,u1_0.role from sys_user u1_0 where u1_0.user_number=?
Hibernate: select rt1_0.id,rt1_0.assigned_at,rt1_0.category_key,rt1_0.closed_at,rt1_0.completed_at,rt1_0.created_at,rt1_0.is_deleted,rt1_0.deleted_at,rt1_0.description,rt1_0.estimated_completion_time,rt1_0.location,rt1_0.priority,rt1_0.process_notes,rt1_0.rejection_reason,rt1_0.repair_notes,rt1_0.repairman_id,rt1_0.status,rt1_0.student_number,rt1_0.version from repair_order rt1_0 where rt1_0.id=? for update
Hibernate: select u1_0.user_number,u1_0.avatar_url,u1_0.phone,u1_0.created_at,u1_0.enabled,u1_0.name,u1_0.password,u1_0.role from sys_user u1_0 where u1_0.user_number=?
Hibernate: select u1_0.user_number,u1_0.avatar_url,u1_0.phone,u1_0.created_at,u1_0.enabled,u1_0.name,u1_0.password,u1_0.role from sys_user u1_0 where u1_0.user_number=?
Hibernate: insert into repair_order (assigned_at,category_key,closed_at,completed_at,created_at,is_deleted,deleted_at,description,estimated_completion_time,location,priority,process_notes,rejection_reason,repair_notes,repairman_id,status,student_number,version) values (?,?,?,?,?,?,?,?,?,?,?,?,?,?,?,?,?,?)
Hibernate: insert into repair_order_status_log (operate_user_id,operate_time,after_status,before_status,repair_order_id) values (?,?,?,?,?)
Hibernate: insert into repair_order_image (image_url,repair_order_id,created_at) values (?,?,?)
Hibernate: insert into repair_order_image (image_url,repair_order_id,created_at) values (?,?,?)
Hibernate: select ti1_0.id,ti1_0.image_url,ti1_0.repair_order_id,ti1_0.created_at from repair_order_image ti1_0 where ti1_0.repair_order_id=?
Hibernate: select tsl1_0.id,tsl1_0.operate_user_id,tsl1_0.operate_time,tsl1_0.after_status,tsl1_0.before_status,tsl1_0.repair_order_id from repair_order_status_log tsl1_0 where tsl1_0.repair_order_id=? order by tsl1_0.operate_time
Hibernate: select r1_0.id,r1_0.comment,r1_0.created_at,r1_0.rating,r1_0.repairman_id,r1_0.student_number,r1_0.repair_order_id from repair_feedback r1_0 where r1_0.repair_order_id=?
Hibernate: select rt1_0.id,rt1_0.assigned_at,rt1_0.category_key,rt1_0.closed_at,rt1_0.completed_at,rt1_0.created_at,rt1_0.is_deleted,rt1_0.deleted_at,rt1_0.description,rt1_0.estimated_completion_time,rt1_0.location,rt1_0.priority,rt1_0.process_notes,rt1_0.rejection_reason,rt1_0.repair_notes,rt1_0.repairman_id,rt1_0.status,rt1_0.student_number,rt1_0.version from repair_order rt1_0 where rt1_0.id=? for update
Hibernate: select u1_0.user_number,u1_0.avatar_url,u1_0.phone,u1_0.created_at,u1_0.enabled,u1_0.name,u1_0.password,u1_0.role from sys_user u1_0 where u1_0.user_number=?
Hibernate: select u1_0.user_number,u1_0.avatar_url,u1_0.phone,u1_0.created_at,u1_0.enabled,u1_0.name,u1_0.password,u1_0.role from sys_user u1_0 where u1_0.user_number=?
Hibernate: insert into repair_order_status_log (operate_user_id,operate_time,after_status,before_status,repair_order_id) values (?,?,?,?,?)
Hibernate: select ti1_0.id,ti1_0.image_url,ti1_0.repair_order_id,ti1_0.created_at from repair_order_image ti1_0 where ti1_0.repair_order_id=?
Hibernate: select tsl1_0.id,tsl1_0.operate_user_id,tsl1_0.operate_time,tsl1_0.after_status,tsl1_0.before_status,tsl1_0.repair_order_id from repair_order_status_log tsl1_0 where tsl1_0.repair_order_id=? order by tsl1_0.operate_time
Hibernate: select r1_0.id,r1_0.comment,r1_0.created_at,r1_0.rating,r1_0.repairman_id,r1_0.student_number,r1_0.repair_order_id from repair_feedback r1_0 where r1_0.repair_order_id=?
Hibernate: update repair_order set assigned_at=?,category_key=?,closed_at=?,completed_at=?,created_at=?,is_deleted=?,deleted_at=?,description=?,estimated_completion_time=?,location=?,priority=?,process_notes=?,rejection_reason=?,repair_notes=?,repairman_id=?,status=?,student_number=?,version=? where id=? and version=?
Hibernate: select rt1_0.id,rt1_0.assigned_at,rt1_0.category_key,rt1_0.closed_at,rt1_0.completed_at,rt1_0.created_at,rt1_0.is_deleted,rt1_0.deleted_at,rt1_0.description,rt1_0.estimated_completion_time,rt1_0.location,rt1_0.priority,rt1_0.process_notes,rt1_0.rejection_reason,rt1_0.repair_notes,rt1_0.repairman_id,rt1_0.status,rt1_0.student_number,rt1_0.version from repair_order rt1_0 where rt1_0.id=? for update
Hibernate: select u1_0.user_number,u1_0.avatar_url,u1_0.phone,u1_0.created_at,u1_0.enabled,u1_0.name,u1_0.password,u1_0.role from sys_user u1_0 where u1_0.user_number=?
Hibernate: insert into repair_order_status_log (operate_user_id,operate_time,after_status,before_status,repair_order_id) values (?,?,?,?,?)
Hibernate: select ti1_0.id,ti1_0.image_url,ti1_0.repair_order_id,ti1_0.created_at from repair_order_image ti1_0 where ti1_0.repair_order_id=?
Hibernate: select tsl1_0.id,tsl1_0.operate_user_id,tsl1_0.operate_time,tsl1_0.after_status,tsl1_0.before_status,tsl1_0.repair_order_id from repair_order_status_log tsl1_0 where tsl1_0.repair_order_id=? order by tsl1_0.operate_time
Hibernate: select r1_0.id,r1_0.comment,r1_0.created_at,r1_0.rating,r1_0.repairman_id,r1_0.student_number,r1_0.repair_order_id from repair_feedback r1_0 where r1_0.repair_order_id=?
Hibernate: update repair_order set assigned_at=?,category_key=?,closed_at=?,completed_at=?,created_at=?,is_deleted=?,deleted_at=?,description=?,estimated_completion_time=?,location=?,priority=?,process_notes=?,rejection_reason=?,repair_notes=?,repairman_id=?,status=?,student_number=?,version=? where id=? and version=?
Hibernate: select rt1_0.id,rt1_0.assigned_at,rt1_0.category_key,rt1_0.closed_at,rt1_0.completed_at,rt1_0.created_at,rt1_0.is_deleted,rt1_0.deleted_at,rt1_0.description,rt1_0.estimated_completion_time,rt1_0.location,rt1_0.priority,rt1_0.process_notes,rt1_0.rejection_reason,rt1_0.repair_notes,rt1_0.repairman_id,rt1_0.status,rt1_0.student_number,rt1_0.version from repair_order rt1_0 where rt1_0.id=? for update
Hibernate: select u1_0.user_number,u1_0.avatar_url,u1_0.phone,u1_0.created_at,u1_0.enabled,u1_0.name,u1_0.password,u1_0.role from sys_user u1_0 where u1_0.user_number=?
Hibernate: insert into repair_order_status_log (operate_user_id,operate_time,after_status,before_status,repair_order_id) values (?,?,?,?,?)
Hibernate: select ti1_0.id,ti1_0.image_url,ti1_0.repair_order_id,ti1_0.created_at from repair_order_image ti1_0 where ti1_0.repair_order_id=?
Hibernate: select tsl1_0.id,tsl1_0.operate_user_id,tsl1_0.operate_time,tsl1_0.after_status,tsl1_0.before_status,tsl1_0.repair_order_id from repair_order_status_log tsl1_0 where tsl1_0.repair_order_id=? order by tsl1_0.operate_time
Hibernate: select r1_0.id,r1_0.comment,r1_0.created_at,r1_0.rating,r1_0.repairman_id,r1_0.student_number,r1_0.repair_order_id from repair_feedback r1_0 where r1_0.repair_order_id=?
Hibernate: update repair_order set assigned_at=?,category_key=?,closed_at=?,completed_at=?,created_at=?,is_deleted=?,deleted_at=?,description=?,estimated_completion_time=?,location=?,priority=?,process_notes=?,rejection_reason=?,repair_notes=?,repairman_id=?,status=?,student_number=?,version=? where id=? and version=?
Hibernate: select rt1_0.id,rt1_0.assigned_at,rt1_0.category_key,rt1_0.closed_at,rt1_0.completed_at,rt1_0.created_at,rt1_0.is_deleted,rt1_0.deleted_at,rt1_0.description,rt1_0.estimated_completion_time,rt1_0.location,rt1_0.priority,rt1_0.process_notes,rt1_0.rejection_reason,rt1_0.repair_notes,rt1_0.repairman_id,rt1_0.status,rt1_0.student_number,rt1_0.version from repair_order rt1_0 where rt1_0.id=? for update
Hibernate: select r1_0.id from repair_feedback r1_0 where r1_0.repair_order_id=? limit ?
Hibernate: insert into repair_feedback (comment,created_at,rating,repairman_id,student_number,repair_order_id) values (?,?,?,?,?,?)
Hibernate: insert into repair_order_status_log (operate_user_id,operate_time,after_status,before_status,repair_order_id) values (?,?,?,?,?)
Hibernate: select ti1_0.id,ti1_0.image_url,ti1_0.repair_order_id,ti1_0.created_at from repair_order_image ti1_0 where ti1_0.repair_order_id=?
Hibernate: select tsl1_0.id,tsl1_0.operate_user_id,tsl1_0.operate_time,tsl1_0.after_status,tsl1_0.before_status,tsl1_0.repair_order_id from repair_order_status_log tsl1_0 where tsl1_0.repair_order_id=? order by tsl1_0.operate_time
Hibernate: select r1_0.id,r1_0.comment,r1_0.created_at,r1_0.rating,r1_0.repairman_id,r1_0.student_number,r1_0.repair_order_id from repair_feedback r1_0 where r1_0.repair_order_id=?
Hibernate: update repair_order set assigned_at=?,category_key=?,closed_at=?,completed_at=?,created_at=?,is_deleted=?,deleted_at=?,description=?,estimated_completion_time=?,location=?,priority=?,process_notes=?,rejection_reason=?,repair_notes=?,repairman_id=?,status=?,student_number=?,version=? where id=? and version=?
Hibernate: select rt1_0.id,rt1_0.assigned_at,rt1_0.category_key,rt1_0.closed_at,rt1_0.completed_at,rt1_0.created_at,rt1_0.is_deleted,rt1_0.deleted_at,rt1_0.description,rt1_0.estimated_completion_time,rt1_0.location,rt1_0.priority,rt1_0.process_notes,rt1_0.rejection_reason,rt1_0.repair_notes,rt1_0.repairman_id,rt1_0.status,rt1_0.student_number,rt1_0.version from repair_order rt1_0 where rt1_0.id=? for update
Hibernate: select r1_0.id from repair_feedback r1_0 where r1_0.repair_order_id=? limit ?
]]></system-out>
  </testcase>
  <testcase name="testCloseTicket" classname="com.ligong.reportingcenter.TicketServiceTests" time="0.3">
    <system-out><![CDATA[Hibernate: select u1_0.user_number from sys_user u1_0 where u1_0.user_number=? limit ?
Hibernate: select u1_0.user_number,u1_0.avatar_url,u1_0.phone,u1_0.created_at,u1_0.enabled,u1_0.name,u1_0.password,u1_0.role from sys_user u1_0 where u1_0.user_number=?
Hibernate: insert into sys_user (avatar_url,phone,created_at,enabled,name,password,role,user_number) values (?,?,?,?,?,?,?,?)
Hibernate: select u1_0.user_number from sys_user u1_0 where u1_0.user_number=? limit ?
Hibernate: select u1_0.user_number,u1_0.avatar_url,u1_0.phone,u1_0.created_at,u1_0.enabled,u1_0.name,u1_0.password,u1_0.role from sys_user u1_0 where u1_0.user_number=?
Hibernate: insert into sys_user (avatar_url,phone,created_at,enabled,name,password,role,user_number) values (?,?,?,?,?,?,?,?)
Hibernate: select u1_0.user_number from sys_user u1_0 where u1_0.user_number=? limit ?
Hibernate: select u1_0.user_number,u1_0.avatar_url,u1_0.phone,u1_0.created_at,u1_0.enabled,u1_0.name,u1_0.password,u1_0.role from sys_user u1_0 where u1_0.user_number=?
Hibernate: select c1_0.id,c1_0.category_key from repair_category c1_0
Hibernate: insert into sys_user (avatar_url,phone,created_at,enabled,name,password,role,user_number) values (?,?,?,?,?,?,?,?)
Hibernate: select u1_0.user_number,u1_0.avatar_url,u1_0.phone,u1_0.created_at,u1_0.enabled,u1_0.name,u1_0.password,u1_0.role from sys_user u1_0 where u1_0.user_number=?
Hibernate: select c1_0.id,c1_0.category_key from repair_category c1_0 where c1_0.category_key=?
Hibernate: insert into repair_order (assigned_at,category_key,closed_at,completed_at,created_at,is_deleted,deleted_at,description,estimated_completion_time,location,priority,process_notes,rejection_reason,repair_notes,repairman_id,status,student_number,version) values (?,?,?,?,?,?,?,?,?,?,?,?,?,?,?,?,?,?)
Hibernate: insert into repair_order_status_log (operate_user_id,operate_time,after_status,before_status,repair_order_id) values (?,?,?,?,?)
Hibernate: insert into repair_order_image (image_url,repair_order_id,created_at) values (?,?,?)
Hibernate: insert into repair_order_image (image_url,repair_order_id,created_at) values (?,?,?)
Hibernate: select ti1_0.id,ti1_0.image_url,ti1_0.repair_order_id,ti1_0.created_at from repair_order_image ti1_0 where ti1_0.repair_order_id=?
Hibernate: select tsl1_0.id,tsl1_0.operate_user_id,tsl1_0.operate_time,tsl1_0.after_status,tsl1_0.before_status,tsl1_0.repair_order_id from repair_order_status_log tsl1_0 where tsl1_0.repair_order_id=? order by tsl1_0.operate_time
Hibernate: select r1_0.id,r1_0.comment,r1_0.created_at,r1_0.rating,r1_0.repairman_id,r1_0.student_number,r1_0.repair_order_id from repair_feedback r1_0 where r1_0.repair_order_id=?
Hibernate: select rt1_0.id,rt1_0.assigned_at,rt1_0.category_key,rt1_0.closed_at,rt1_0.completed_at,rt1_0.created_at,rt1_0.is_deleted,rt1_0.deleted_at,rt1_0.description,rt1_0.estimated_completion_time,rt1_0.location,rt1_0.priority,rt1_0.process_notes,rt1_0.rejection_reason,rt1_0.repair_notes,rt1_0.repairman_id,rt1_0.status,rt1_0.student_number,rt1_0.version from repair_order rt1_0 where rt1_0.id=? for update
Hibernate: select u1_0.user_number,u1_0.avatar_url,u1_0.phone,u1_0.created_at,u1_0.enabled,u1_0.name,u1_0.password,u1_0.role from sys_user u1_0 where u1_0.user_number=?
Hibernate: select u1_0.user_number,u1_0.avatar_url,u1_0.phone,u1_0.created_at,u1_0.enabled,u1_0.name,u1_0.password,u1_0.role from sys_user u1_0 where u1_0.user_number=?
Hibernate: insert into repair_order_status_log (operate_user_id,operate_time,after_status,before_status,repair_order_id) values (?,?,?,?,?)
Hibernate: select ti1_0.id,ti1_0.image_url,ti1_0.repair_order_id,ti1_0.created_at from repair_order_image ti1_0 where ti1_0.repair_order_id=?
Hibernate: select tsl1_0.id,tsl1_0.operate_user_id,tsl1_0.operate_time,tsl1_0.after_status,tsl1_0.before_status,tsl1_0.repair_order_id from repair_order_status_log tsl1_0 where tsl1_0.repair_order_id=? order by tsl1_0.operate_time
Hibernate: select r1_0.id,r1_0.comment,r1_0.created_at,r1_0.rating,r1_0.repairman_id,r1_0.student_number,r1_0.repair_order_id from repair_feedback r1_0 where r1_0.repair_order_id=?
Hibernate: update repair_order set assigned_at=?,category_key=?,closed_at=?,completed_at=?,created_at=?,is_deleted=?,deleted_at=?,description=?,estimated_completion_time=?,location=?,priority=?,process_notes=?,rejection_reason=?,repair_notes=?,repairman_id=?,status=?,student_number=?,version=? where id=? and version=?
Hibernate: select rt1_0.id,rt1_0.assigned_at,rt1_0.category_key,rt1_0.closed_at,rt1_0.completed_at,rt1_0.created_at,rt1_0.is_deleted,rt1_0.deleted_at,rt1_0.description,rt1_0.estimated_completion_time,rt1_0.location,rt1_0.priority,rt1_0.process_notes,rt1_0.rejection_reason,rt1_0.repair_notes,rt1_0.repairman_id,rt1_0.status,rt1_0.student_number,rt1_0.version from repair_order rt1_0 where rt1_0.id=? for update
Hibernate: select u1_0.user_number,u1_0.avatar_url,u1_0.phone,u1_0.created_at,u1_0.enabled,u1_0.name,u1_0.password,u1_0.role from sys_user u1_0 where u1_0.user_number=?
Hibernate: insert into repair_order_status_log (operate_user_id,operate_time,after_status,before_status,repair_order_id) values (?,?,?,?,?)
Hibernate: select ti1_0.id,ti1_0.image_url,ti1_0.repair_order_id,ti1_0.created_at from repair_order_image ti1_0 where ti1_0.repair_order_id=?
Hibernate: select tsl1_0.id,tsl1_0.operate_user_id,tsl1_0.operate_time,tsl1_0.after_status,tsl1_0.before_status,tsl1_0.repair_order_id from repair_order_status_log tsl1_0 where tsl1_0.repair_order_id=? order by tsl1_0.operate_time
Hibernate: select r1_0.id,r1_0.comment,r1_0.created_at,r1_0.rating,r1_0.repairman_id,r1_0.student_number,r1_0.repair_order_id from repair_feedback r1_0 where r1_0.repair_order_id=?
Hibernate: update repair_order set assigned_at=?,category_key=?,closed_at=?,completed_at=?,created_at=?,is_deleted=?,deleted_at=?,description=?,estimated_completion_time=?,location=?,priority=?,process_notes=?,rejection_reason=?,repair_notes=?,repairman_id=?,status=?,student_number=?,version=? where id=? and version=?
Hibernate: select rt1_0.id,rt1_0.assigned_at,rt1_0.category_key,rt1_0.closed_at,rt1_0.completed_at,rt1_0.created_at,rt1_0.is_deleted,rt1_0.deleted_at,rt1_0.description,rt1_0.estimated_completion_time,rt1_0.location,rt1_0.priority,rt1_0.process_notes,rt1_0.rejection_reason,rt1_0.repair_notes,rt1_0.repairman_id,rt1_0.status,rt1_0.student_number,rt1_0.version from repair_order rt1_0 where rt1_0.id=? for update
Hibernate: select u1_0.user_number,u1_0.avatar_url,u1_0.phone,u1_0.created_at,u1_0.enabled,u1_0.name,u1_0.password,u1_0.role from sys_user u1_0 where u1_0.user_number=?
Hibernate: insert into repair_order_status_log (operate_user_id,operate_time,after_status,before_status,repair_order_id) values (?,?,?,?,?)
Hibernate: select ti1_0.id,ti1_0.image_url,ti1_0.repair_order_id,ti1_0.created_at from repair_order_image ti1_0 where ti1_0.repair_order_id=?
Hibernate: select tsl1_0.id,tsl1_0.operate_user_id,tsl1_0.operate_time,tsl1_0.after_status,tsl1_0.before_status,tsl1_0.repair_order_id from repair_order_status_log tsl1_0 where tsl1_0.repair_order_id=? order by tsl1_0.operate_time
Hibernate: select r1_0.id,r1_0.comment,r1_0.created_at,r1_0.rating,r1_0.repairman_id,r1_0.student_number,r1_0.repair_order_id from repair_feedback r1_0 where r1_0.repair_order_id=?
Hibernate: update repair_order set assigned_at=?,category_key=?,closed_at=?,completed_at=?,created_at=?,is_deleted=?,deleted_at=?,description=?,estimated_completion_time=?,location=?,priority=?,process_notes=?,rejection_reason=?,repair_notes=?,repairman_id=?,status=?,student_number=?,version=? where id=? and version=?
Hibernate: select rt1_0.id,rt1_0.assigned_at,rt1_0.category_key,rt1_0.closed_at,rt1_0.completed_at,rt1_0.created_at,rt1_0.is_deleted,rt1_0.deleted_at,rt1_0.description,rt1_0.estimated_completion_time,rt1_0.location,rt1_0.priority,rt1_0.process_notes,rt1_0.rejection_reason,rt1_0.repair_notes,rt1_0.repairman_id,rt1_0.status,rt1_0.student_number,rt1_0.version from repair_order rt1_0 where rt1_0.id=? for update
Hibernate: select r1_0.id from repair_feedback r1_0 where r1_0.repair_order_id=? limit ?
Hibernate: insert into repair_feedback (comment,created_at,rating,repairman_id,student_number,repair_order_id) values (?,?,?,?,?,?)
Hibernate: insert into repair_order_status_log (operate_user_id,operate_time,after_status,before_status,repair_order_id) values (?,?,?,?,?)
Hibernate: select ti1_0.id,ti1_0.image_url,ti1_0.repair_order_id,ti1_0.created_at from repair_order_image ti1_0 where ti1_0.repair_order_id=?
Hibernate: select tsl1_0.id,tsl1_0.operate_user_id,tsl1_0.operate_time,tsl1_0.after_status,tsl1_0.before_status,tsl1_0.repair_order_id from repair_order_status_log tsl1_0 where tsl1_0.repair_order_id=? order by tsl1_0.operate_time
Hibernate: select r1_0.id,r1_0.comment,r1_0.created_at,r1_0.rating,r1_0.repairman_id,r1_0.student_number,r1_0.repair_order_id from repair_feedback r1_0 where r1_0.repair_order_id=?
Hibernate: update repair_order set assigned_at=?,category_key=?,closed_at=?,completed_at=?,created_at=?,is_deleted=?,deleted_at=?,description=?,estimated_completion_time=?,location=?,priority=?,process_notes=?,rejection_reason=?,repair_notes=?,repairman_id=?,status=?,student_number=?,version=? where id=? and version=?
Hibernate: select rt1_0.id,rt1_0.assigned_at,rt1_0.category_key,rt1_0.closed_at,rt1_0.completed_at,rt1_0.created_at,rt1_0.is_deleted,rt1_0.deleted_at,rt1_0.description,rt1_0.estimated_completion_time,rt1_0.location,rt1_0.priority,rt1_0.process_notes,rt1_0.rejection_reason,rt1_0.repair_notes,rt1_0.repairman_id,rt1_0.status,rt1_0.student_number,rt1_0.version from repair_order rt1_0 where rt1_0.id=? for update
Hibernate: select u1_0.user_number,u1_0.avatar_url,u1_0.phone,u1_0.created_at,u1_0.enabled,u1_0.name,u1_0.password,u1_0.role from sys_user u1_0 where u1_0.user_number=?
Hibernate: insert into repair_order_status_log (operate_user_id,operate_time,after_status,before_status,repair_order_id) values (?,?,?,?,?)
Hibernate: select ti1_0.id,ti1_0.image_url,ti1_0.repair_order_id,ti1_0.created_at from repair_order_image ti1_0 where ti1_0.repair_order_id=?
Hibernate: select tsl1_0.id,tsl1_0.operate_user_id,tsl1_0.operate_time,tsl1_0.after_status,tsl1_0.before_status,tsl1_0.repair_order_id from repair_order_status_log tsl1_0 where tsl1_0.repair_order_id=? order by tsl1_0.operate_time
Hibernate: select r1_0.id,r1_0.comment,r1_0.created_at,r1_0.rating,r1_0.repairman_id,r1_0.student_number,r1_0.repair_order_id from repair_feedback r1_0 where r1_0.repair_order_id=?
]]></system-out>
  </testcase>
  <testcase name="testUpdateTicketStatus" classname="com.ligong.reportingcenter.TicketServiceTests" time="0.267">
    <system-out><![CDATA[Hibernate: select u1_0.user_number from sys_user u1_0 where u1_0.user_number=? limit ?
Hibernate: select u1_0.user_number,u1_0.avatar_url,u1_0.phone,u1_0.created_at,u1_0.enabled,u1_0.name,u1_0.password,u1_0.role from sys_user u1_0 where u1_0.user_number=?
Hibernate: insert into sys_user (avatar_url,phone,created_at,enabled,name,password,role,user_number) values (?,?,?,?,?,?,?,?)
Hibernate: select u1_0.user_number from sys_user u1_0 where u1_0.user_number=? limit ?
Hibernate: select u1_0.user_number,u1_0.avatar_url,u1_0.phone,u1_0.created_at,u1_0.enabled,u1_0.name,u1_0.password,u1_0.role from sys_user u1_0 where u1_0.user_number=?
Hibernate: insert into sys_user (avatar_url,phone,created_at,enabled,name,password,role,user_number) values (?,?,?,?,?,?,?,?)
Hibernate: select u1_0.user_number from sys_user u1_0 where u1_0.user_number=? limit ?
Hibernate: select u1_0.user_number,u1_0.avatar_url,u1_0.phone,u1_0.created_at,u1_0.enabled,u1_0.name,u1_0.password,u1_0.role from sys_user u1_0 where u1_0.user_number=?
Hibernate: select c1_0.id,c1_0.category_key from repair_category c1_0
Hibernate: insert into sys_user (avatar_url,phone,created_at,enabled,name,password,role,user_number) values (?,?,?,?,?,?,?,?)
Hibernate: select u1_0.user_number,u1_0.avatar_url,u1_0.phone,u1_0.created_at,u1_0.enabled,u1_0.name,u1_0.password,u1_0.role from sys_user u1_0 where u1_0.user_number=?
Hibernate: select c1_0.id,c1_0.category_key from repair_category c1_0 where c1_0.category_key=?
Hibernate: insert into repair_order (assigned_at,category_key,closed_at,completed_at,created_at,is_deleted,deleted_at,description,estimated_completion_time,location,priority,process_notes,rejection_reason,repair_notes,repairman_id,status,student_number,version) values (?,?,?,?,?,?,?,?,?,?,?,?,?,?,?,?,?,?)
Hibernate: insert into repair_order_status_log (operate_user_id,operate_time,after_status,before_status,repair_order_id) values (?,?,?,?,?)
Hibernate: insert into repair_order_image (image_url,repair_order_id,created_at) values (?,?,?)
Hibernate: insert into repair_order_image (image_url,repair_order_id,created_at) values (?,?,?)
Hibernate: select ti1_0.id,ti1_0.image_url,ti1_0.repair_order_id,ti1_0.created_at from repair_order_image ti1_0 where ti1_0.repair_order_id=?
Hibernate: select tsl1_0.id,tsl1_0.operate_user_id,tsl1_0.operate_time,tsl1_0.after_status,tsl1_0.before_status,tsl1_0.repair_order_id from repair_order_status_log tsl1_0 where tsl1_0.repair_order_id=? order by tsl1_0.operate_time
Hibernate: select r1_0.id,r1_0.comment,r1_0.created_at,r1_0.rating,r1_0.repairman_id,r1_0.student_number,r1_0.repair_order_id from repair_feedback r1_0 where r1_0.repair_order_id=?
Hibernate: select rt1_0.id,rt1_0.assigned_at,rt1_0.category_key,rt1_0.closed_at,rt1_0.completed_at,rt1_0.created_at,rt1_0.is_deleted,rt1_0.deleted_at,rt1_0.description,rt1_0.estimated_completion_time,rt1_0.location,rt1_0.priority,rt1_0.process_notes,rt1_0.rejection_reason,rt1_0.repair_notes,rt1_0.repairman_id,rt1_0.status,rt1_0.student_number,rt1_0.version from repair_order rt1_0 where rt1_0.id=? for update
Hibernate: select u1_0.user_number,u1_0.avatar_url,u1_0.phone,u1_0.created_at,u1_0.enabled,u1_0.name,u1_0.password,u1_0.role from sys_user u1_0 where u1_0.user_number=?
Hibernate: select u1_0.user_number,u1_0.avatar_url,u1_0.phone,u1_0.created_at,u1_0.enabled,u1_0.name,u1_0.password,u1_0.role from sys_user u1_0 where u1_0.user_number=?
Hibernate: insert into repair_order_status_log (operate_user_id,operate_time,after_status,before_status,repair_order_id) values (?,?,?,?,?)
Hibernate: select ti1_0.id,ti1_0.image_url,ti1_0.repair_order_id,ti1_0.created_at from repair_order_image ti1_0 where ti1_0.repair_order_id=?
Hibernate: select tsl1_0.id,tsl1_0.operate_user_id,tsl1_0.operate_time,tsl1_0.after_status,tsl1_0.before_status,tsl1_0.repair_order_id from repair_order_status_log tsl1_0 where tsl1_0.repair_order_id=? order by tsl1_0.operate_time
Hibernate: select r1_0.id,r1_0.comment,r1_0.created_at,r1_0.rating,r1_0.repairman_id,r1_0.student_number,r1_0.repair_order_id from repair_feedback r1_0 where r1_0.repair_order_id=?
Hibernate: update repair_order set assigned_at=?,category_key=?,closed_at=?,completed_at=?,created_at=?,is_deleted=?,deleted_at=?,description=?,estimated_completion_time=?,location=?,priority=?,process_notes=?,rejection_reason=?,repair_notes=?,repairman_id=?,status=?,student_number=?,version=? where id=? and version=?
Hibernate: select rt1_0.id,rt1_0.assigned_at,rt1_0.category_key,rt1_0.closed_at,rt1_0.completed_at,rt1_0.created_at,rt1_0.is_deleted,rt1_0.deleted_at,rt1_0.description,rt1_0.estimated_completion_time,rt1_0.location,rt1_0.priority,rt1_0.process_notes,rt1_0.rejection_reason,rt1_0.repair_notes,rt1_0.repairman_id,rt1_0.status,rt1_0.student_number,rt1_0.version from repair_order rt1_0 where rt1_0.id=? for update
Hibernate: select u1_0.user_number,u1_0.avatar_url,u1_0.phone,u1_0.created_at,u1_0.enabled,u1_0.name,u1_0.password,u1_0.role from sys_user u1_0 where u1_0.user_number=?
Hibernate: insert into repair_order_status_log (operate_user_id,operate_time,after_status,before_status,repair_order_id) values (?,?,?,?,?)
Hibernate: select ti1_0.id,ti1_0.image_url,ti1_0.repair_order_id,ti1_0.created_at from repair_order_image ti1_0 where ti1_0.repair_order_id=?
Hibernate: select tsl1_0.id,tsl1_0.operate_user_id,tsl1_0.operate_time,tsl1_0.after_status,tsl1_0.before_status,tsl1_0.repair_order_id from repair_order_status_log tsl1_0 where tsl1_0.repair_order_id=? order by tsl1_0.operate_time
Hibernate: select r1_0.id,r1_0.comment,r1_0.created_at,r1_0.rating,r1_0.repairman_id,r1_0.student_number,r1_0.repair_order_id from repair_feedback r1_0 where r1_0.repair_order_id=?
Hibernate: update repair_order set assigned_at=?,category_key=?,closed_at=?,completed_at=?,created_at=?,is_deleted=?,deleted_at=?,description=?,estimated_completion_time=?,location=?,priority=?,process_notes=?,rejection_reason=?,repair_notes=?,repairman_id=?,status=?,student_number=?,version=? where id=? and version=?
Hibernate: select rt1_0.id,rt1_0.assigned_at,rt1_0.category_key,rt1_0.closed_at,rt1_0.completed_at,rt1_0.created_at,rt1_0.is_deleted,rt1_0.deleted_at,rt1_0.description,rt1_0.estimated_completion_time,rt1_0.location,rt1_0.priority,rt1_0.process_notes,rt1_0.rejection_reason,rt1_0.repair_notes,rt1_0.repairman_id,rt1_0.status,rt1_0.student_number,rt1_0.version from repair_order rt1_0 where rt1_0.id=? for update
Hibernate: select u1_0.user_number,u1_0.avatar_url,u1_0.phone,u1_0.created_at,u1_0.enabled,u1_0.name,u1_0.password,u1_0.role from sys_user u1_0 where u1_0.user_number=?
Hibernate: insert into repair_order_status_log (operate_user_id,operate_time,after_status,before_status,repair_order_id) values (?,?,?,?,?)
Hibernate: select ti1_0.id,ti1_0.image_url,ti1_0.repair_order_id,ti1_0.created_at from repair_order_image ti1_0 where ti1_0.repair_order_id=?
Hibernate: select tsl1_0.id,tsl1_0.operate_user_id,tsl1_0.operate_time,tsl1_0.after_status,tsl1_0.before_status,tsl1_0.repair_order_id from repair_order_status_log tsl1_0 where tsl1_0.repair_order_id=? order by tsl1_0.operate_time
Hibernate: select r1_0.id,r1_0.comment,r1_0.created_at,r1_0.rating,r1_0.repairman_id,r1_0.student_number,r1_0.repair_order_id from repair_feedback r1_0 where r1_0.repair_order_id=?
]]></system-out>
  </testcase>
  <testcase name="testListByStaff" classname="com.ligong.reportingcenter.TicketServiceTests" time="0.25">
    <system-out><![CDATA[Hibernate: select u1_0.user_number from sys_user u1_0 where u1_0.user_number=? limit ?
Hibernate: select u1_0.user_number,u1_0.avatar_url,u1_0.phone,u1_0.created_at,u1_0.enabled,u1_0.name,u1_0.password,u1_0.role from sys_user u1_0 where u1_0.user_number=?
Hibernate: insert into sys_user (avatar_url,phone,created_at,enabled,name,password,role,user_number) values (?,?,?,?,?,?,?,?)
Hibernate: select u1_0.user_number from sys_user u1_0 where u1_0.user_number=? limit ?
Hibernate: select u1_0.user_number,u1_0.avatar_url,u1_0.phone,u1_0.created_at,u1_0.enabled,u1_0.name,u1_0.password,u1_0.role from sys_user u1_0 where u1_0.user_number=?
Hibernate: insert into sys_user (avatar_url,phone,created_at,enabled,name,password,role,user_number) values (?,?,?,?,?,?,?,?)
Hibernate: select u1_0.user_number from sys_user u1_0 where u1_0.user_number=? limit ?
Hibernate: select u1_0.user_number,u1_0.avatar_url,u1_0.phone,u1_0.created_at,u1_0.enabled,u1_0.name,u1_0.password,u1_0.role from sys_user u1_0 where u1_0.user_number=?
Hibernate: select c1_0.id,c1_0.category_key from repair_category c1_0
Hibernate: insert into sys_user (avatar_url,phone,created_at,enabled,name,password,role,user_number) values (?,?,?,?,?,?,?,?)
Hibernate: select u1_0.user_number,u1_0.avatar_url,u1_0.phone,u1_0.created_at,u1_0.enabled,u1_0.name,u1_0.password,u1_0.role from sys_user u1_0 where u1_0.user_number=?
Hibernate: select c1_0.id,c1_0.category_key from repair_category c1_0 where c1_0.category_key=?
Hibernate: insert into repair_order (assigned_at,category_key,closed_at,completed_at,created_at,is_deleted,deleted_at,description,estimated_completion_time,location,priority,process_notes,rejection_reason,repair_notes,repairman_id,status,student_number,version) values (?,?,?,?,?,?,?,?,?,?,?,?,?,?,?,?,?,?)
Hibernate: insert into repair_order_status_log (operate_user_id,operate_time,after_status,before_status,repair_order_id) values (?,?,?,?,?)
Hibernate: insert into repair_order_image (image_url,repair_order_id,created_at) values (?,?,?)
Hibernate: insert into repair_order_image (image_url,repair_order_id,created_at) values (?,?,?)
Hibernate: select ti1_0.id,ti1_0.image_url,ti1_0.repair_order_id,ti1_0.created_at from repair_order_image ti1_0 where ti1_0.repair_order_id=?
Hibernate: select tsl1_0.id,tsl1_0.operate_user_id,tsl1_0.operate_time,tsl1_0.after_status,tsl1_0.before_status,tsl1_0.repair_order_id from repair_order_status_log tsl1_0 where tsl1_0.repair_order_id=? order by tsl1_0.operate_time
Hibernate: select r1_0.id,r1_0.comment,r1_0.created_at,r1_0.rating,r1_0.repairman_id,r1_0.student_number,r1_0.repair_order_id from repair_feedback r1_0 where r1_0.repair_order_id=?
Hibernate: select rt1_0.id,rt1_0.assigned_at,rt1_0.category_key,rt1_0.closed_at,rt1_0.completed_at,rt1_0.created_at,rt1_0.is_deleted,rt1_0.deleted_at,rt1_0.description,rt1_0.estimated_completion_time,rt1_0.location,rt1_0.priority,rt1_0.process_notes,rt1_0.rejection_reason,rt1_0.repair_notes,rt1_0.repairman_id,rt1_0.status,rt1_0.student_number,rt1_0.version from repair_order rt1_0 where rt1_0.id=? for update
Hibernate: select u1_0.user_number,u1_0.avatar_url,u1_0.phone,u1_0.created_at,u1_0.enabled,u1_0.name,u1_0.password,u1_0.role from sys_user u1_0 where u1_0.user_number=?
Hibernate: select u1_0.user_number,u1_0.avatar_url,u1_0.phone,u1_0.created_at,u1_0.enabled,u1_0.name,u1_0.password,u1_0.role from sys_user u1_0 where u1_0.user_number=?
Hibernate: insert into repair_order_status_log (operate_user_id,operate_time,after_status,before_status,repair_order_id) values (?,?,?,?,?)
Hibernate: select ti1_0.id,ti1_0.image_url,ti1_0.repair_order_id,ti1_0.created_at from repair_order_image ti1_0 where ti1_0.repair_order_id=?
Hibernate: select tsl1_0.id,tsl1_0.operate_user_id,tsl1_0.operate_time,tsl1_0.after_status,tsl1_0.before_status,tsl1_0.repair_order_id from repair_order_status_log tsl1_0 where tsl1_0.repair_order_id=? order by tsl1_0.operate_time
Hibernate: select r1_0.id,r1_0.comment,r1_0.created_at,r1_0.rating,r1_0.repairman_id,r1_0.student_number,r1_0.repair_order_id from repair_feedback r1_0 where r1_0.repair_order_id=?
TicketService.listByStaff - 维修工ID: test_staff_001
Hibernate: select u1_0.user_number,u1_0.avatar_url,u1_0.phone,u1_0.created_at,u1_0.enabled,u1_0.name,u1_0.password,u1_0.role from sys_user u1_0 where u1_0.user_number=?
找到用户: test_staff_001, 角色: STAFF
Hibernate: update repair_order set assigned_at=?,category_key=?,closed_at=?,completed_at=?,created_at=?,is_deleted=?,deleted_at=?,description=?,estimated_completion_time=?,location=?,priority=?,process_notes=?,rejection_reason=?,repair_notes=?,repairman_id=?,status=?,student_number=?,version=? where id=? and version=?
Hibernate: select rt1_0.id,rt1_0.assigned_at,rt1_0.category_key,rt1_0.closed_at,rt1_0.completed_at,rt1_0.created_at,rt1_0.is_deleted,rt1_0.deleted_at,rt1_0.description,rt1_0.estimated_completion_time,rt1_0.location,rt1_0.priority,rt1_0.process_notes,rt1_0.rejection_reason,rt1_0.repair_notes,rt1_0.repairman_id,rt1_0.status,rt1_0.student_number,rt1_0.version from repair_order rt1_0 where rt1_0.repairman_id=? and (rt1_0.is_deleted is null or rt1_0.is_deleted=0)
数据库查询到的工单数量: 1
工单ID: 56, 状态: IN_PROGRESS, 维修工ID: test_staff_001
Hibernate: select r1_0.id,r1_0.comment,r1_0.created_at,r1_0.rating,r1_0.repairman_id,r1_0.student_number,r1_0.repair_order_id from repair_feedback r1_0 where r1_0.repair_order_id=?
]]></system-out>
  </testcase>
  <testcase name="testInvalidStatusTransitions" classname="com.ligong.reportingcenter.TicketServiceTests" time="0.224">
    <system-out><![CDATA[Hibernate: select u1_0.user_number from sys_user u1_0 where u1_0.user_number=? limit ?
Hibernate: select u1_0.user_number,u1_0.avatar_url,u1_0.phone,u1_0.created_at,u1_0.enabled,u1_0.name,u1_0.password,u1_0.role from sys_user u1_0 where u1_0.user_number=?
Hibernate: insert into sys_user (avatar_url,phone,created_at,enabled,name,password,role,user_number) values (?,?,?,?,?,?,?,?)
Hibernate: select u1_0.user_number from sys_user u1_0 where u1_0.user_number=? limit ?
Hibernate: select u1_0.user_number,u1_0.avatar_url,u1_0.phone,u1_0.created_at,u1_0.enabled,u1_0.name,u1_0.password,u1_0.role from sys_user u1_0 where u1_0.user_number=?
Hibernate: insert into sys_user (avatar_url,phone,created_at,enabled,name,password,role,user_number) values (?,?,?,?,?,?,?,?)
Hibernate: select u1_0.user_number from sys_user u1_0 where u1_0.user_number=? limit ?
Hibernate: select u1_0.user_number,u1_0.avatar_url,u1_0.phone,u1_0.created_at,u1_0.enabled,u1_0.name,u1_0.password,u1_0.role from sys_user u1_0 where u1_0.user_number=?
Hibernate: select c1_0.id,c1_0.category_key from repair_category c1_0
Hibernate: insert into sys_user (avatar_url,phone,created_at,enabled,name,password,role,user_number) values (?,?,?,?,?,?,?,?)
Hibernate: select u1_0.user_number,u1_0.avatar_url,u1_0.phone,u1_0.created_at,u1_0.enabled,u1_0.name,u1_0.password,u1_0.role from sys_user u1_0 where u1_0.user_number=?
Hibernate: select c1_0.id,c1_0.category_key from repair_category c1_0 where c1_0.category_key=?
Hibernate: insert into repair_order (assigned_at,category_key,closed_at,completed_at,created_at,is_deleted,deleted_at,description,estimated_completion_time,location,priority,process_notes,rejection_reason,repair_notes,repairman_id,status,student_number,version) values (?,?,?,?,?,?,?,?,?,?,?,?,?,?,?,?,?,?)
Hibernate: insert into repair_order_status_log (operate_user_id,operate_time,after_status,before_status,repair_order_id) values (?,?,?,?,?)
Hibernate: insert into repair_order_image (image_url,repair_order_id,created_at) values (?,?,?)
Hibernate: insert into repair_order_image (image_url,repair_order_id,created_at) values (?,?,?)
Hibernate: select ti1_0.id,ti1_0.image_url,ti1_0.repair_order_id,ti1_0.created_at from repair_order_image ti1_0 where ti1_0.repair_order_id=?
Hibernate: select tsl1_0.id,tsl1_0.operate_user_id,tsl1_0.operate_time,tsl1_0.after_status,tsl1_0.before_status,tsl1_0.repair_order_id from repair_order_status_log tsl1_0 where tsl1_0.repair_order_id=? order by tsl1_0.operate_time
Hibernate: select r1_0.id,r1_0.comment,r1_0.created_at,r1_0.rating,r1_0.repairman_id,r1_0.student_number,r1_0.repair_order_id from repair_feedback r1_0 where r1_0.repair_order_id=?
Hibernate: select rt1_0.id,rt1_0.assigned_at,rt1_0.category_key,rt1_0.closed_at,rt1_0.completed_at,rt1_0.created_at,rt1_0.is_deleted,rt1_0.deleted_at,rt1_0.description,rt1_0.estimated_completion_time,rt1_0.location,rt1_0.priority,rt1_0.process_notes,rt1_0.rejection_reason,rt1_0.repair_notes,rt1_0.repairman_id,rt1_0.status,rt1_0.student_number,rt1_0.version from repair_order rt1_0 where rt1_0.id=? for update
Hibernate: select u1_0.user_number,u1_0.avatar_url,u1_0.phone,u1_0.created_at,u1_0.enabled,u1_0.name,u1_0.password,u1_0.role from sys_user u1_0 where u1_0.user_number=?
]]></system-out>
  </testcase>
  <testcase name="testRateTicket" classname="com.ligong.reportingcenter.TicketServiceTests" time="0.296">
    <system-out><![CDATA[Hibernate: select u1_0.user_number from sys_user u1_0 where u1_0.user_number=? limit ?
Hibernate: select u1_0.user_number,u1_0.avatar_url,u1_0.phone,u1_0.created_at,u1_0.enabled,u1_0.name,u1_0.password,u1_0.role from sys_user u1_0 where u1_0.user_number=?
Hibernate: insert into sys_user (avatar_url,phone,created_at,enabled,name,password,role,user_number) values (?,?,?,?,?,?,?,?)
Hibernate: select u1_0.user_number from sys_user u1_0 where u1_0.user_number=? limit ?
Hibernate: select u1_0.user_number,u1_0.avatar_url,u1_0.phone,u1_0.created_at,u1_0.enabled,u1_0.name,u1_0.password,u1_0.role from sys_user u1_0 where u1_0.user_number=?
Hibernate: insert into sys_user (avatar_url,phone,created_at,enabled,name,password,role,user_number) values (?,?,?,?,?,?,?,?)
Hibernate: select u1_0.user_number from sys_user u1_0 where u1_0.user_number=? limit ?
Hibernate: select u1_0.user_number,u1_0.avatar_url,u1_0.phone,u1_0.created_at,u1_0.enabled,u1_0.name,u1_0.password,u1_0.role from sys_user u1_0 where u1_0.user_number=?
Hibernate: select c1_0.id,c1_0.category_key from repair_category c1_0
Hibernate: insert into sys_user (avatar_url,phone,created_at,enabled,name,password,role,user_number) values (?,?,?,?,?,?,?,?)
Hibernate: select u1_0.user_number,u1_0.avatar_url,u1_0.phone,u1_0.created_at,u1_0.enabled,u1_0.name,u1_0.password,u1_0.role from sys_user u1_0 where u1_0.user_number=?
Hibernate: select c1_0.id,c1_0.category_key from repair_category c1_0 where c1_0.category_key=?
Hibernate: insert into repair_order (assigned_at,category_key,closed_at,completed_at,created_at,is_deleted,deleted_at,description,estimated_completion_time,location,priority,process_notes,rejection_reason,repair_notes,repairman_id,status,student_number,version) values (?,?,?,?,?,?,?,?,?,?,?,?,?,?,?,?,?,?)
Hibernate: insert into repair_order_status_log (operate_user_id,operate_time,after_status,before_status,repair_order_id) values (?,?,?,?,?)
Hibernate: insert into repair_order_image (image_url,repair_order_id,created_at) values (?,?,?)
Hibernate: insert into repair_order_image (image_url,repair_order_id,created_at) values (?,?,?)
Hibernate: select ti1_0.id,ti1_0.image_url,ti1_0.repair_order_id,ti1_0.created_at from repair_order_image ti1_0 where ti1_0.repair_order_id=?
Hibernate: select tsl1_0.id,tsl1_0.operate_user_id,tsl1_0.operate_time,tsl1_0.after_status,tsl1_0.before_status,tsl1_0.repair_order_id from repair_order_status_log tsl1_0 where tsl1_0.repair_order_id=? order by tsl1_0.operate_time
Hibernate: select r1_0.id,r1_0.comment,r1_0.created_at,r1_0.rating,r1_0.repairman_id,r1_0.student_number,r1_0.repair_order_id from repair_feedback r1_0 where r1_0.repair_order_id=?
Hibernate: select rt1_0.id,rt1_0.assigned_at,rt1_0.category_key,rt1_0.closed_at,rt1_0.completed_at,rt1_0.created_at,rt1_0.is_deleted,rt1_0.deleted_at,rt1_0.description,rt1_0.estimated_completion_time,rt1_0.location,rt1_0.priority,rt1_0.process_notes,rt1_0.rejection_reason,rt1_0.repair_notes,rt1_0.repairman_id,rt1_0.status,rt1_0.student_number,rt1_0.version from repair_order rt1_0 where rt1_0.id=? for update
Hibernate: select u1_0.user_number,u1_0.avatar_url,u1_0.phone,u1_0.created_at,u1_0.enabled,u1_0.name,u1_0.password,u1_0.role from sys_user u1_0 where u1_0.user_number=?
Hibernate: select u1_0.user_number,u1_0.avatar_url,u1_0.phone,u1_0.created_at,u1_0.enabled,u1_0.name,u1_0.password,u1_0.role from sys_user u1_0 where u1_0.user_number=?
Hibernate: insert into repair_order_status_log (operate_user_id,operate_time,after_status,before_status,repair_order_id) values (?,?,?,?,?)
Hibernate: select ti1_0.id,ti1_0.image_url,ti1_0.repair_order_id,ti1_0.created_at from repair_order_image ti1_0 where ti1_0.repair_order_id=?
Hibernate: select tsl1_0.id,tsl1_0.operate_user_id,tsl1_0.operate_time,tsl1_0.after_status,tsl1_0.before_status,tsl1_0.repair_order_id from repair_order_status_log tsl1_0 where tsl1_0.repair_order_id=? order by tsl1_0.operate_time
Hibernate: select r1_0.id,r1_0.comment,r1_0.created_at,r1_0.rating,r1_0.repairman_id,r1_0.student_number,r1_0.repair_order_id from repair_feedback r1_0 where r1_0.repair_order_id=?
Hibernate: update repair_order set assigned_at=?,category_key=?,closed_at=?,completed_at=?,created_at=?,is_deleted=?,deleted_at=?,description=?,estimated_completion_time=?,location=?,priority=?,process_notes=?,rejection_reason=?,repair_notes=?,repairman_id=?,status=?,student_number=?,version=? where id=? and version=?
Hibernate: select rt1_0.id,rt1_0.assigned_at,rt1_0.category_key,rt1_0.closed_at,rt1_0.completed_at,rt1_0.created_at,rt1_0.is_deleted,rt1_0.deleted_at,rt1_0.description,rt1_0.estimated_completion_time,rt1_0.location,rt1_0.priority,rt1_0.process_notes,rt1_0.rejection_reason,rt1_0.repair_notes,rt1_0.repairman_id,rt1_0.status,rt1_0.student_number,rt1_0.version from repair_order rt1_0 where rt1_0.id=? for update
Hibernate: select u1_0.user_number,u1_0.avatar_url,u1_0.phone,u1_0.created_at,u1_0.enabled,u1_0.name,u1_0.password,u1_0.role from sys_user u1_0 where u1_0.user_number=?
Hibernate: insert into repair_order_status_log (operate_user_id,operate_time,after_status,before_status,repair_order_id) values (?,?,?,?,?)
Hibernate: select ti1_0.id,ti1_0.image_url,ti1_0.repair_order_id,ti1_0.created_at from repair_order_image ti1_0 where ti1_0.repair_order_id=?
Hibernate: select tsl1_0.id,tsl1_0.operate_user_id,tsl1_0.operate_time,tsl1_0.after_status,tsl1_0.before_status,tsl1_0.repair_order_id from repair_order_status_log tsl1_0 where tsl1_0.repair_order_id=? order by tsl1_0.operate_time
Hibernate: select r1_0.id,r1_0.comment,r1_0.created_at,r1_0.rating,r1_0.repairman_id,r1_0.student_number,r1_0.repair_order_id from repair_feedback r1_0 where r1_0.repair_order_id=?
Hibernate: update repair_order set assigned_at=?,category_key=?,closed_at=?,completed_at=?,created_at=?,is_deleted=?,deleted_at=?,description=?,estimated_completion_time=?,location=?,priority=?,process_notes=?,rejection_reason=?,repair_notes=?,repairman_id=?,status=?,student_number=?,version=? where id=? and version=?
Hibernate: select rt1_0.id,rt1_0.assigned_at,rt1_0.category_key,rt1_0.closed_at,rt1_0.completed_at,rt1_0.created_at,rt1_0.is_deleted,rt1_0.deleted_at,rt1_0.description,rt1_0.estimated_completion_time,rt1_0.location,rt1_0.priority,rt1_0.process_notes,rt1_0.rejection_reason,rt1_0.repair_notes,rt1_0.repairman_id,rt1_0.status,rt1_0.student_number,rt1_0.version from repair_order rt1_0 where rt1_0.id=? for update
Hibernate: select u1_0.user_number,u1_0.avatar_url,u1_0.phone,u1_0.created_at,u1_0.enabled,u1_0.name,u1_0.password,u1_0.role from sys_user u1_0 where u1_0.user_number=?
Hibernate: insert into repair_order_status_log (operate_user_id,operate_time,after_status,before_status,repair_order_id) values (?,?,?,?,?)
Hibernate: select ti1_0.id,ti1_0.image_url,ti1_0.repair_order_id,ti1_0.created_at from repair_order_image ti1_0 where ti1_0.repair_order_id=?
Hibernate: select tsl1_0.id,tsl1_0.operate_user_id,tsl1_0.operate_time,tsl1_0.after_status,tsl1_0.before_status,tsl1_0.repair_order_id from repair_order_status_log tsl1_0 where tsl1_0.repair_order_id=? order by tsl1_0.operate_time
Hibernate: select r1_0.id,r1_0.comment,r1_0.created_at,r1_0.rating,r1_0.repairman_id,r1_0.student_number,r1_0.repair_order_id from repair_feedback r1_0 where r1_0.repair_order_id=?
Hibernate: update repair_order set assigned_at=?,category_key=?,closed_at=?,completed_at=?,created_at=?,is_deleted=?,deleted_at=?,description=?,estimated_completion_time=?,location=?,priority=?,process_notes=?,rejection_reason=?,repair_notes=?,repairman_id=?,status=?,student_number=?,version=? where id=? and version=?
Hibernate: select rt1_0.id,rt1_0.assigned_at,rt1_0.category_key,rt1_0.closed_at,rt1_0.completed_at,rt1_0.created_at,rt1_0.is_deleted,rt1_0.deleted_at,rt1_0.description,rt1_0.estimated_completion_time,rt1_0.location,rt1_0.priority,rt1_0.process_notes,rt1_0.rejection_reason,rt1_0.repair_notes,rt1_0.repairman_id,rt1_0.status,rt1_0.student_number,rt1_0.version from repair_order rt1_0 where rt1_0.id=? for update
Hibernate: select r1_0.id from repair_feedback r1_0 where r1_0.repair_order_id=? limit ?
Hibernate: insert into repair_feedback (comment,created_at,rating,repairman_id,student_number,repair_order_id) values (?,?,?,?,?,?)
Hibernate: insert into repair_order_status_log (operate_user_id,operate_time,after_status,before_status,repair_order_id) values (?,?,?,?,?)
Hibernate: select ti1_0.id,ti1_0.image_url,ti1_0.repair_order_id,ti1_0.created_at from repair_order_image ti1_0 where ti1_0.repair_order_id=?
Hibernate: select tsl1_0.id,tsl1_0.operate_user_id,tsl1_0.operate_time,tsl1_0.after_status,tsl1_0.before_status,tsl1_0.repair_order_id from repair_order_status_log tsl1_0 where tsl1_0.repair_order_id=? order by tsl1_0.operate_time
Hibernate: select r1_0.id,r1_0.comment,r1_0.created_at,r1_0.rating,r1_0.repairman_id,r1_0.student_number,r1_0.repair_order_id from repair_feedback r1_0 where r1_0.repair_order_id=?
]]></system-out>
  </testcase>
</testsuite>